<?xml version="1.0" encoding="UTF-8"?>
<!-- Generated by org.testng.reporters.JUnitReportReporter -->
<testsuite skipped="0" hostname="Wessam" name="Deepdiv.Selenium.FindElementBylinktext" tests="1" failures="0" timestamp="2019-12-25T23:45:09 EET" time="0.209" errors="0">
  <testcase name="findbylinktext" time="0.209" classname="Deepdiv.Selenium.FindElementBylinktext"/>
</testsuite> <!-- Deepdiv.Selenium.FindElementBylinktext -->
