<?xml version="1.0" encoding="UTF-8"?>
<!-- Generated by org.testng.reporters.JUnitReportReporter -->
<testsuite skipped="1" hostname="Wessam" name="Deepdiv.Selenium.FindelementByXpath" tests="2" failures="0" timestamp="2019-12-26T14:53:07 EET" time="0.268" errors="0">
  <testcase name="findElementByRelativeXpath" time="0.268" classname="Deepdiv.Selenium.FindelementByXpath"/>
  <testcase name="findElementByAbsoluteXpath" classname="Deepdiv.Selenium.FindelementByXpath">
    <skipped/>
  </testcase> <!-- findElementByAbsoluteXpath -->
</testsuite> <!-- Deepdiv.Selenium.FindelementByXpath -->
