<?xml version="1.0" encoding="UTF-8"?>
<!-- Generated by org.testng.reporters.JUnitReportReporter -->
<testsuite skipped="0" hostname="Wessam" name="Deepdiv.Selenium.FindElementINTableByTagName" tests="1" failures="0" timestamp="2019-12-27T22:49:35 EET" time="0.218" errors="0">
  <testcase name="findElementInTableByTagName" time="0.218" classname="Deepdiv.Selenium.FindElementINTableByTagName"/>
</testsuite> <!-- Deepdiv.Selenium.FindElementINTableByTagName -->
