<?xml version="1.0" encoding="UTF-8"?>
<!-- Generated by org.testng.reporters.JUnitReportReporter -->
<testsuite skipped="0" hostname="Wessam" name="Deepdiv.Selenium.FindElementByTagName" tests="1" failures="0" timestamp="2019-12-24T13:11:19 EET" time="1.135" errors="0">
  <testcase name="findElementByclass" time="1.135" classname="Deepdiv.Selenium.FindElementByTagName"/>
</testsuite> <!-- Deepdiv.Selenium.FindElementByTagName -->
