<?xml version="1.0" encoding="UTF-8"?>
<!-- Generated by org.testng.reporters.JUnitReportReporter -->
<testsuite skipped="0" hostname="Wessam" name="Deepdiv.Selenium.FindelementByID" tests="1" failures="0" timestamp="2019-12-27T23:06:14 EET" time="0.252" errors="0">
  <testcase name="findElement" time="0.252" classname="Deepdiv.Selenium.FindelementByID"/>
</testsuite> <!-- Deepdiv.Selenium.FindelementByID -->
