<?xml version="1.0" encoding="UTF-8"?>
<!-- Generated by org.testng.reporters.JUnitReportReporter -->
<testsuite skipped="0" hostname="Wessam" name="Deepdiv.Selenium.FindElementByclass" tests="1" failures="0" timestamp="2019-12-24T12:48:13 EET" time="0.253" errors="0">
  <testcase name="findElementByclass" time="0.253" classname="Deepdiv.Selenium.FindElementByclass"/>
</testsuite> <!-- Deepdiv.Selenium.FindElementByclass -->
