<?xml version="1.0" encoding="UTF-8"?>
<!-- Generated by org.testng.reporters.JUnitReportReporter -->
<testsuite skipped="0" hostname="Wessam" name="Deepdiv.Selenium.FindElementByCssselector" tests="1" failures="0" timestamp="2019-12-24T21:04:59 EET" time="0.295" errors="0">
  <testcase name="findElementByCssselector" time="0.295" classname="Deepdiv.Selenium.FindElementByCssselector"/>
</testsuite> <!-- Deepdiv.Selenium.FindElementByCssselector -->
