<?xml version="1.0" encoding="UTF-8"?>
<!-- Generated by org.testng.reporters.JUnitReportReporter -->
<testsuite skipped="0" hostname="Wessam" name="Deepdiv.Selenium.FindElementByName" tests="1" failures="0" timestamp="2019-12-23T14:46:32 EET" time="0.195" errors="0">
  <testcase name="findElementByname" time="0.195" classname="Deepdiv.Selenium.FindElementByName"/>
</testsuite> <!-- Deepdiv.Selenium.FindElementByName -->
